<?xml version="1.0" encoding="UTF-8"?>
<!-- Generated by org.testng.reporters.JUnitReportReporter -->
<testsuite hostname="DESKTOP-D5EI5VL" failures="0" tests="2" name="testCases.EcommerceHybrid" time="40.718" errors="0" timestamp="2025-04-24T18:01:33 IST" skipped="0">
  <testcase classname="testCases.EcommerceHybrid" name="FillForm" time="20.103"/>
  <testcase classname="testCases.EcommerceHybrid" name="FillForm" time="20.615"/>
</testsuite> <!-- testCases.EcommerceHybrid -->
